#
# A fatal error has been detected by the Java Runtime Environment:
#
#  EXCEPTION_ACCESS_VIOLATION (0xc0000005) at pc=0x00007ff97f5e3b53, pid=15832, tid=16704
#
# JRE version: Java(TM) SE Runtime Environment (22.0.2+9) (build 22.0.2+9-70)
# Java VM: Java HotSpot(TM) 64-Bit Server VM (22.0.2+9-70, mixed mode, sharing, tiered, compressed oops, compressed class ptrs, g1 gc, windows-amd64)
# Problematic frame:
# C  [awt.dll+0xc3b53]
#
# No core dump will be written. Minidumps are not enabled by default on client versions of Windows
#
# If you would like to submit a bug report, please visit:
#   https://bugreport.java.com/bugreport/crash.jsp
# The crash happened outside the Java Virtual Machine in native code.
# See problematic frame for where to report the bug.
#

---------------  S U M M A R Y ------------

Command Line: -Dfile.encoding=UTF-8 -Dstdout.encoding=UTF-8 -Dstderr.encoding=UTF-8 --module-path=C:\Users\danie\eclipse-workspace\ApplicationBuilder\bin -XX:+ShowCodeDetailsInExceptionMessages -Djdk.module.main=ApplicationBuilder ApplicationBuilder/ApplicationBuilder.ApplicationEditorLauncher

Host: 11th Gen Intel(R) Core(TM) i5-1145G7 @ 2.60GHz, 8 cores, 15G,  Windows 11 , 64 bit Build 26100 (10.0.26100.2454)
Time: Wed Jan 22 07:26:42 2025 Eastern Standard Time elapsed time: 2461.224209 seconds (0d 0h 41m 1s)

---------------  T H R E A D  ---------------

Current thread (0x000002a00439b140):  JavaThread "AWT-Windows" daemon [_thread_in_native, id=16704, stack(0x000000cbdb100000,0x000000cbdb200000) (1024K)]

Stack: [0x000000cbdb100000,0x000000cbdb200000],  sp=0x000000cbdb1fee28,  free space=1019k
Native frames: (J=compiled Java code, j=interpreted, Vv=VM code, C=native code)
C  [awt.dll+0xc3b53]  (no source info available)

Java frames: (J=compiled Java code, j=interpreted, Vv=VM code)
j  sun.awt.windows.WToolkit.eventLoop()V+0 java.desktop@22.0.2
j  sun.awt.windows.WToolkit.run()V+50 java.desktop@22.0.2
j  java.lang.Thread.runWith(Ljava/lang/Object;Ljava/lang/Runnable;)V+5 java.base@22.0.2
j  java.lang.Thread.run()V+19 java.base@22.0.2
v  ~StubRoutines::call_stub 0x0000029faee9100d

siginfo: EXCEPTION_ACCESS_VIOLATION (0xc0000005), reading address 0xffffffffffffffff


Registers:
RAX=0x0000000028011220, RBX=0x000002a0048d6e00, RCX=0x8000020000000000, RDX=0x0000000028011220
RSP=0x000000cbdb1fee28, RBP=0x000000cbdb1fef39, RSI=0x0000000028011220, RDI=0x0000000000000000
R8 =0x0000000000000001, R9 =0x000000cbd9701000, R10=0x0000000000000000, R11=0x0000000000000246
R12=0x0000000000000000, R13=0x0000000000000310, R14=0x0000000000000000, R15=0x0000000000000000
RIP=0x00007ff97f5e3b53, EFLAGS=0x0000000000010286


Register to memory mapping:

RAX=0x0000000028011220 is an unknown value
RBX=0x000002a0048d6e00 points into unknown readable memory: 0x000002a0044cdf50 | 50 df 4c 04 a0 02 00 00
RCX=0x8000020000000000 is an unknown value
RDX=0x0000000028011220 is an unknown value
RSP=0x000000cbdb1fee28 is pointing into the stack for thread: 0x000002a00439b140
RBP=0x000000cbdb1fef39 is pointing into the stack for thread: 0x000002a00439b140
RSI=0x0000000028011220 is an unknown value
RDI=0x0 is null
R8 =0x0000000000000001 is an unknown value
R9 =0x000000cbd9701000 points into unknown readable memory: 0x0000000000000000 | 00 00 00 00 00 00 00 00
R10=0x0 is null
R11=0x0000000000000246 is an unknown value
R12=0x0 is null
R13=0x0000000000000310 is an unknown value
R14=0x0 is null
R15=0x0 is null

Top of Stack: (sp=0x000000cbdb1fee28)
0x000000cbdb1fee28:   00007ff97f5fbb32 00007ff97f659848
0x000000cbdb1fee38:   0000000028011220 0000000000000000
0x000000cbdb1fee48:   000002a00467bfa0 0000000000000000
0x000000cbdb1fee58:   00007ff97f5b78bc 0000000028011220
0x000000cbdb1fee68:   000002a00467bfa0 000002a0048d6e00
0x000000cbdb1fee78:   000000cbdb1ff1a8 000002a00467bfa0
0x000000cbdb1fee88:   00007ff97f5b7966 00007ff97f520000
0x000000cbdb1fee98:   0000000000000000 000000cbdb1fef98
0x000000cbdb1feea8:   00007ff9967a4b38 000002a00467bfa0
0x000000cbdb1feeb8:   00007ff97f5b4cb6 000002a00467bfa0
0x000000cbdb1feec8:   0000000000000000 00007ff97f5b7e40
0x000000cbdb1feed8:   00007ff9ab5ef4ce 0000029fbeff0900
0x000000cbdb1feee8:   00007ff9ab0b9269 000000cbdb1fef90
0x000000cbdb1feef8:   0000000000000001 0000000000000000
0x000000cbdb1fef08:   000000cbdb1fef98 0000000000000000
0x000000cbdb1fef18:   0000000000000000 0000000000000000
0x000000cbdb1fef28:   000002a00439b500 000002a00467c040
0x000000cbdb1fef38:   0000000000000000 0000000000000000
0x000000cbdb1fef48:   0000fa627bdf56c3 0000000000000000
0x000000cbdb1fef58:   0000000000000000 0000000000000000
0x000000cbdb1fef68:   0000000000000000 0000000000000000
0x000000cbdb1fef78:   0000000000000310 0000000000000000
0x000000cbdb1fef88:   000002a00467bfa0 000002a00467bfa0
0x000000cbdb1fef98:   00007ff97f600cac 0000000000000000
0x000000cbdb1fefa8:   00008f85e4c26fb8 0000671fe06cd963
0x000000cbdb1fefb8:   0000000000000022 0000000000000001
0x000000cbdb1fefc8:   0000000000000000 0000000000000000
0x000000cbdb1fefd8:   00007ff9ab095a32 0000000000000000
0x000000cbdb1fefe8:   000000000000c28d 0000000000000022
0x000000cbdb1feff8:   00007ff9ab5be0cf 0000000000290954
0x000000cbdb1ff008:   00007ff9ab09658a ffffffffffffffeb
0x000000cbdb1ff018:   0000fa627bdf57a3 0000029f9e1905d0 

Instructions: (pc=0x00007ff97f5e3b53)
0x00007ff97f5e3a53:   00 00 0f 11 40 80 0f 10 41 a0 0f 11 48 90 0f 10
0x00007ff97f5e3a63:   49 b0 0f 11 40 a0 0f 10 41 c0 0f 11 48 b0 0f 10
0x00007ff97f5e3a73:   49 d0 0f 11 40 c0 0f 10 41 e0 0f 11 48 d0 0f 10
0x00007ff97f5e3a83:   49 f0 0f 11 40 e0 0f 11 48 f0 48 83 ea 01 75 ad
0x00007ff97f5e3a93:   0f 10 01 0f 10 49 10 0f 11 00 0f 10 41 20 0f 11
0x00007ff97f5e3aa3:   48 10 0f 11 40 20 49 8b ce 41 c7 06 00 03 00 01
0x00007ff97f5e3ab3:   bb 00 01 00 00 ff 15 5a eb 07 00 4c 8b c6 48 89
0x00007ff97f5e3ac3:   86 08 0c 00 00 4c 2b c7 48 8d 57 02 90 0f b6 42
0x00007ff97f5e3ad3:   ff 0f b6 4a fe 48 8d 52 04 c1 e1 08 0b c8 0f b6
0x00007ff97f5e3ae3:   42 fc c1 e1 08 0b c8 81 c9 00 00 00 ff 41 89 4c
0x00007ff97f5e3af3:   10 fa 48 83 eb 01 75 d5 49 8b ce e8 e5 78 02 00
0x00007ff97f5e3b03:   48 8b 5c 24 30 48 8b c6 48 8b 74 24 38 48 8b 7c
0x00007ff97f5e3b13:   24 40 48 83 c4 20 41 5e c3 cc cc cc cc 48 83 b9
0x00007ff97f5e3b23:   08 0c 00 00 00 74 1c 83 3d bb 04 08 00 00 75 09
0x00007ff97f5e3b33:   83 3d be 25 08 00 00 74 0a 48 8b ca 48 ff 25 ba
0x00007ff97f5e3b43:   ea 07 00 c3 cc cc cc cc cc cc cc cc cc 48 8b c2
0x00007ff97f5e3b53:   48 8b 91 08 0c 00 00 48 85 d2 74 0d 45 33 c0 48
0x00007ff97f5e3b63:   8b c8 48 ff 25 8c ea 07 00 33 c0 c3 cc 48 89 5c
0x00007ff97f5e3b73:   24 10 48 89 6c 24 18 48 89 74 24 20 57 41 54 41
0x00007ff97f5e3b83:   55 41 56 41 57 48 81 ec 30 05 00 00 48 8b 05 52
0x00007ff97f5e3b93:   dd 07 00 48 33 c4 48 89 84 24 20 05 00 00 48 8b
0x00007ff97f5e3ba3:   f9 48 8b 89 10 0c 00 00 e8 30 72 01 00 48 8b f0
0x00007ff97f5e3bb3:   48 85 c0 0f 84 61 03 00 00 ba 0c 00 00 00 48 8b
0x00007ff97f5e3bc3:   c8 ff 15 36 eb 07 00 48 8b 8f 10 0c 00 00 48 8b
0x00007ff97f5e3bd3:   d6 8b d8 e8 35 7a 01 00 83 fb 08 0f 85 39 03 00
0x00007ff97f5e3be3:   00 48 8b 8f 10 0c 00 00 e8 f0 71 01 00 41 bd 00
0x00007ff97f5e3bf3:   01 00 00 4c 8d 4c 24 20 45 8b c5 33 d2 48 8b c8
0x00007ff97f5e3c03:   48 8b e8 ff 15 34 e9 07 00 45 33 e4 8b f0 85 c0
0x00007ff97f5e3c13:   0f 8f e9 00 00 00 b9 08 04 00 00 e8 cd 77 02 00
0x00007ff97f5e3c23:   48 8b d8 48 85 c0 75 08 41 8b f4 e9 cf 00 00 00
0x00007ff97f5e3c33:   c7 00 00 03 00 01 41 8b cc 48 83 c0 05 88 48 ff
0x00007ff97f5e3c43:   ff c1 66 44 89 20 c6 40 02 02 48 8d 40 04 41 3b 


Stack slot to memory mapping:

stack at sp + 0 slots: 0x00007ff97f5fbb32 awt.dll
stack at sp + 1 slots: 0x00007ff97f659848 awt.dll
stack at sp + 2 slots: 0x0000000028011220 is an unknown value
stack at sp + 3 slots: 0x0 is null
stack at sp + 4 slots: 0x000002a00467bfa0 points into unknown readable memory: 0x00007ff97f62b8e0 | e0 b8 62 7f f9 7f 00 00
stack at sp + 5 slots: 0x0 is null
stack at sp + 6 slots: 0x00007ff97f5b78bc awt.dll
stack at sp + 7 slots: 0x0000000028011220 is an unknown value


---------------  P R O C E S S  ---------------

Threads class SMR info:
_java_thread_list=0x000002a0049ae860, length=15, elements={
0x0000029fbe5725a0, 0x0000029fbe573200, 0x0000029fbe57aa50, 0x0000029fbe57b4b0,
0x0000029fbe588330, 0x0000029fbe588ec0, 0x0000029fbe58d280, 0x000002a004027d60,
0x000002a00412a5c0, 0x000002a0041c0bf0, 0x000002a004481290, 0x000002a004395c90,
0x000002a00439b140, 0x000002a0047c0800, 0x0000029f9d9bf010
}

Java Threads: ( => current thread )
  0x0000029fbe5725a0 JavaThread "Reference Handler"          daemon [_thread_blocked, id=17500, stack(0x000000cbda300000,0x000000cbda400000) (1024K)]
  0x0000029fbe573200 JavaThread "Finalizer"                  daemon [_thread_blocked, id=3428, stack(0x000000cbda400000,0x000000cbda500000) (1024K)]
  0x0000029fbe57aa50 JavaThread "Signal Dispatcher"          daemon [_thread_blocked, id=6864, stack(0x000000cbda500000,0x000000cbda600000) (1024K)]
  0x0000029fbe57b4b0 JavaThread "Attach Listener"            daemon [_thread_blocked, id=4828, stack(0x000000cbda600000,0x000000cbda700000) (1024K)]
  0x0000029fbe588330 JavaThread "Service Thread"             daemon [_thread_blocked, id=10592, stack(0x000000cbda700000,0x000000cbda800000) (1024K)]
  0x0000029fbe588ec0 JavaThread "Monitor Deflation Thread"   daemon [_thread_blocked, id=14436, stack(0x000000cbda800000,0x000000cbda900000) (1024K)]
  0x0000029fbe58d280 JavaThread "C2 CompilerThread0"         daemon [_thread_blocked, id=6580, stack(0x000000cbda900000,0x000000cbdaa00000) (1024K)]
  0x000002a004027d60 JavaThread "C1 CompilerThread0"         daemon [_thread_blocked, id=14444, stack(0x000000cbdaa00000,0x000000cbdab00000) (1024K)]
  0x000002a00412a5c0 JavaThread "Common-Cleaner"             daemon [_thread_blocked, id=18348, stack(0x000000cbdab00000,0x000000cbdac00000) (1024K)]
  0x000002a0041c0bf0 JavaThread "Notification Thread"        daemon [_thread_blocked, id=4624, stack(0x000000cbdac00000,0x000000cbdad00000) (1024K)]
  0x000002a004481290 JavaThread "Java2D Disposer"            daemon [_thread_blocked, id=14808, stack(0x000000cbdaf00000,0x000000cbdb000000) (1024K)]
  0x000002a004395c90 JavaThread "AWT-Shutdown"                      [_thread_blocked, id=9528, stack(0x000000cbdb000000,0x000000cbdb100000) (1024K)]
=>0x000002a00439b140 JavaThread "AWT-Windows"                daemon [_thread_in_native, id=16704, stack(0x000000cbdb100000,0x000000cbdb200000) (1024K)]
  0x000002a0047c0800 JavaThread "AWT-EventQueue-0"                  [_thread_blocked, id=12832, stack(0x000000cbdb200000,0x000000cbdb300000) (1024K)]
  0x0000029f9d9bf010 JavaThread "DestroyJavaVM"                     [_thread_blocked, id=17124, stack(0x000000cbd9b00000,0x000000cbd9c00000) (1024K)]
Total: 15

Other Threads:
  0x0000029fbe55a8d0 VMThread "VM Thread"                           [id=14396, stack(0x000000cbda200000,0x000000cbda300000) (1024K)]
  0x0000029fbe53edf0 WatcherThread "VM Periodic Task Thread"        [id=5356, stack(0x000000cbda100000,0x000000cbda200000) (1024K)]
  0x0000029f9dd006d0 WorkerThread "GC Thread#0"                     [id=18252, stack(0x000000cbd9c00000,0x000000cbd9d00000) (1024K)]
  0x000002a0049e7ff0 WorkerThread "GC Thread#1"                     [id=6540, stack(0x000000cbdad00000,0x000000cbdae00000) (1024K)]
  0x000002a0049e83a0 WorkerThread "GC Thread#2"                     [id=10204, stack(0x000000cbdae00000,0x000000cbdaf00000) (1024K)]
  0x000002a0049e8750 WorkerThread "GC Thread#3"                     [id=17600, stack(0x000000cbdb300000,0x000000cbdb400000) (1024K)]
  0x000002a0049e8b00 WorkerThread "GC Thread#4"                     [id=15800, stack(0x000000cbdb500000,0x000000cbdb600000) (1024K)]
  0x000002a0049e8eb0 WorkerThread "GC Thread#5"                     [id=13764, stack(0x000000cbdb600000,0x000000cbdb700000) (1024K)]
  0x000002a0048d5100 WorkerThread "GC Thread#6"                     [id=15300, stack(0x000000cbdb700000,0x000000cbdb800000) (1024K)]
  0x000002a0048db150 WorkerThread "GC Thread#7"                     [id=18096, stack(0x000000cbdb800000,0x000000cbdb900000) (1024K)]
  0x0000029f9dd52010 ConcurrentGCThread "G1 Main Marker"            [id=18104, stack(0x000000cbd9d00000,0x000000cbd9e00000) (1024K)]
  0x0000029f9dd52a30 WorkerThread "G1 Conc#0"                       [id=632, stack(0x000000cbd9e00000,0x000000cbd9f00000) (1024K)]
  0x0000029fbe412e60 ConcurrentGCThread "G1 Refine#0"               [id=6560, stack(0x000000cbd9f00000,0x000000cbda000000) (1024K)]
  0x0000029fbe4147a0 ConcurrentGCThread "G1 Service"                [id=13432, stack(0x000000cbda000000,0x000000cbda100000) (1024K)]
Total: 14

Threads with active compile tasks:
Total: 0

VM state: not at safepoint (normal execution)

VM Mutex/Monitor currently owned by a thread: None

Heap address: 0x0000000704a00000, size: 4022 MB, Compressed Oops mode: Zero based, Oop shift amount: 3

CDS archive(s) mapped at: [0x0000029fbf000000-0x0000029fbfc60000-0x0000029fbfc60000), size 12976128, SharedBaseAddress: 0x0000029fbf000000, ArchiveRelocationMode: 1.
Compressed class space mapped at: 0x0000029fc0000000-0x000002a000000000, reserved size: 1073741824
Narrow klass base: 0x0000029fbf000000, Narrow klass shift: 0, Narrow klass range: 0x41000000

GC Precious Log:
 CardTable entry size: 512
 Card Set container configuration: InlinePtr #cards 4 size 8 Array Of Cards #cards 16 size 48 Howl #buckets 8 coarsen threshold 3686 Howl Bitmap #cards 512 size 80 coarsen threshold 460 Card regions per heap region 1 cards per card region 4096
 CPUs: 8 total, 8 available
 Memory: 16087M
 Large Page Support: Disabled
 NUMA Support: Disabled
 Compressed Oops: Enabled (Zero based)
 Heap Region Size: 2M
 Heap Min Capacity: 8M
 Heap Initial Capacity: 252M
 Heap Max Capacity: 4022M
 Pre-touch: Disabled
 Parallel Workers: 8
 Concurrent Workers: 2
 Concurrent Refinement Workers: 8
 Periodic GC: Disabled

Heap:
 garbage-first heap   total reserved 4118528K, committed 258048K, used 9674K [0x0000000704a00000, 0x0000000800000000)
  region size 2048K, 4 young (8192K), 2 survivors (4096K)
 Metaspace       used 11918K, committed 12352K, reserved 1114112K
  class space    used 1365K, committed 1536K, reserved 1048576K

Heap Regions: E=young(eden), S=young(survivor), O=old, HS=humongous(starts), HC=humongous(continues), CS=collection set, F=free, TAMS=top-at-mark-start, PB=parsable bottom
|   0|0x0000000704a00000, 0x0000000704c00000, 0x0000000704c00000|100%|HS|  |TAMS 0x0000000704a00000| PB 0x0000000704a00000| Complete |  0
|   1|0x0000000704c00000, 0x0000000704e00000, 0x0000000704e00000|100%|HC|  |TAMS 0x0000000704c00000| PB 0x0000000704c00000| Complete |  0
|   2|0x0000000704e00000, 0x0000000704e00000, 0x0000000705000000|  0%| F|  |TAMS 0x0000000704e00000| PB 0x0000000704e00000| Untracked |  0
|   3|0x0000000705000000, 0x0000000705000000, 0x0000000705200000|  0%| F|  |TAMS 0x0000000705000000| PB 0x0000000705000000| Untracked |  0
|   4|0x0000000705200000, 0x0000000705200000, 0x0000000705400000|  0%| F|  |TAMS 0x0000000705200000| PB 0x0000000705200000| Untracked |  0
|   5|0x0000000705400000, 0x0000000705400000, 0x0000000705600000|  0%| F|  |TAMS 0x0000000705400000| PB 0x0000000705400000| Untracked |  0
|   6|0x0000000705600000, 0x0000000705600000, 0x0000000705800000|  0%| F|  |TAMS 0x0000000705600000| PB 0x0000000705600000| Untracked |  0
|   7|0x0000000705800000, 0x0000000705800000, 0x0000000705a00000|  0%| F|  |TAMS 0x0000000705800000| PB 0x0000000705800000| Untracked |  0
|   8|0x0000000705a00000, 0x0000000705a00000, 0x0000000705c00000|  0%| F|  |TAMS 0x0000000705a00000| PB 0x0000000705a00000| Untracked |  0
|   9|0x0000000705c00000, 0x0000000705c00000, 0x0000000705e00000|  0%| F|  |TAMS 0x0000000705c00000| PB 0x0000000705c00000| Untracked |  0
|  10|0x0000000705e00000, 0x0000000705e00000, 0x0000000706000000|  0%| F|  |TAMS 0x0000000705e00000| PB 0x0000000705e00000| Untracked |  0
|  11|0x0000000706000000, 0x0000000706000000, 0x0000000706200000|  0%| F|  |TAMS 0x0000000706000000| PB 0x0000000706000000| Untracked |  0
|  12|0x0000000706200000, 0x0000000706200000, 0x0000000706400000|  0%| F|  |TAMS 0x0000000706200000| PB 0x0000000706200000| Untracked |  0
|  13|0x0000000706400000, 0x0000000706400000, 0x0000000706600000|  0%| F|  |TAMS 0x0000000706400000| PB 0x0000000706400000| Untracked |  0
|  14|0x0000000706600000, 0x0000000706600000, 0x0000000706800000|  0%| F|  |TAMS 0x0000000706600000| PB 0x0000000706600000| Untracked |  0
|  15|0x0000000706800000, 0x0000000706800000, 0x0000000706a00000|  0%| F|  |TAMS 0x0000000706800000| PB 0x0000000706800000| Untracked |  0
|  16|0x0000000706a00000, 0x0000000706a00000, 0x0000000706c00000|  0%| F|  |TAMS 0x0000000706a00000| PB 0x0000000706a00000| Untracked |  0
|  17|0x0000000706c00000, 0x0000000706c00000, 0x0000000706e00000|  0%| F|  |TAMS 0x0000000706c00000| PB 0x0000000706c00000| Untracked |  0
|  18|0x0000000706e00000, 0x0000000706e00000, 0x0000000707000000|  0%| F|  |TAMS 0x0000000706e00000| PB 0x0000000706e00000| Untracked |  0
|  19|0x0000000707000000, 0x0000000707000000, 0x0000000707200000|  0%| F|  |TAMS 0x0000000707000000| PB 0x0000000707000000| Untracked |  0
|  20|0x0000000707200000, 0x0000000707200000, 0x0000000707400000|  0%| F|  |TAMS 0x0000000707200000| PB 0x0000000707200000| Untracked |  0
|  21|0x0000000707400000, 0x0000000707400000, 0x0000000707600000|  0%| F|  |TAMS 0x0000000707400000| PB 0x0000000707400000| Untracked |  0
|  22|0x0000000707600000, 0x0000000707600000, 0x0000000707800000|  0%| F|  |TAMS 0x0000000707600000| PB 0x0000000707600000| Untracked |  0
|  23|0x0000000707800000, 0x0000000707800000, 0x0000000707a00000|  0%| F|  |TAMS 0x0000000707800000| PB 0x0000000707800000| Untracked |  0
|  24|0x0000000707a00000, 0x0000000707a00000, 0x0000000707c00000|  0%| F|  |TAMS 0x0000000707a00000| PB 0x0000000707a00000| Untracked |  0
|  25|0x0000000707c00000, 0x0000000707c00000, 0x0000000707e00000|  0%| F|  |TAMS 0x0000000707c00000| PB 0x0000000707c00000| Untracked |  0
|  26|0x0000000707e00000, 0x0000000707e00000, 0x0000000708000000|  0%| F|  |TAMS 0x0000000707e00000| PB 0x0000000707e00000| Untracked |  0
|  27|0x0000000708000000, 0x0000000708000000, 0x0000000708200000|  0%| F|  |TAMS 0x0000000708000000| PB 0x0000000708000000| Untracked |  0
|  28|0x0000000708200000, 0x0000000708200000, 0x0000000708400000|  0%| F|  |TAMS 0x0000000708200000| PB 0x0000000708200000| Untracked |  0
|  29|0x0000000708400000, 0x0000000708400000, 0x0000000708600000|  0%| F|  |TAMS 0x0000000708400000| PB 0x0000000708400000| Untracked |  0
|  30|0x0000000708600000, 0x0000000708600000, 0x0000000708800000|  0%| F|  |TAMS 0x0000000708600000| PB 0x0000000708600000| Untracked |  0
|  31|0x0000000708800000, 0x0000000708800000, 0x0000000708a00000|  0%| F|  |TAMS 0x0000000708800000| PB 0x0000000708800000| Untracked |  0
|  32|0x0000000708a00000, 0x0000000708a00000, 0x0000000708c00000|  0%| F|  |TAMS 0x0000000708a00000| PB 0x0000000708a00000| Untracked |  0
|  33|0x0000000708c00000, 0x0000000708c00000, 0x0000000708e00000|  0%| F|  |TAMS 0x0000000708c00000| PB 0x0000000708c00000| Untracked |  0
|  34|0x0000000708e00000, 0x0000000708e00000, 0x0000000709000000|  0%| F|  |TAMS 0x0000000708e00000| PB 0x0000000708e00000| Untracked |  0
|  35|0x0000000709000000, 0x0000000709000000, 0x0000000709200000|  0%| F|  |TAMS 0x0000000709000000| PB 0x0000000709000000| Untracked |  0
|  36|0x0000000709200000, 0x0000000709200000, 0x0000000709400000|  0%| F|  |TAMS 0x0000000709200000| PB 0x0000000709200000| Untracked |  0
|  37|0x0000000709400000, 0x0000000709400000, 0x0000000709600000|  0%| F|  |TAMS 0x0000000709400000| PB 0x0000000709400000| Untracked |  0
|  38|0x0000000709600000, 0x0000000709600000, 0x0000000709800000|  0%| F|  |TAMS 0x0000000709600000| PB 0x0000000709600000| Untracked |  0
|  39|0x0000000709800000, 0x0000000709800000, 0x0000000709a00000|  0%| F|  |TAMS 0x0000000709800000| PB 0x0000000709800000| Untracked |  0
|  40|0x0000000709a00000, 0x0000000709a00000, 0x0000000709c00000|  0%| F|  |TAMS 0x0000000709a00000| PB 0x0000000709a00000| Untracked |  0
|  41|0x0000000709c00000, 0x0000000709c00000, 0x0000000709e00000|  0%| F|  |TAMS 0x0000000709c00000| PB 0x0000000709c00000| Untracked |  0
|  42|0x0000000709e00000, 0x0000000709e00000, 0x000000070a000000|  0%| F|  |TAMS 0x0000000709e00000| PB 0x0000000709e00000| Untracked |  0
|  43|0x000000070a000000, 0x000000070a000000, 0x000000070a200000|  0%| F|  |TAMS 0x000000070a000000| PB 0x000000070a000000| Untracked |  0
|  44|0x000000070a200000, 0x000000070a200000, 0x000000070a400000|  0%| F|  |TAMS 0x000000070a200000| PB 0x000000070a200000| Untracked |  0
|  45|0x000000070a400000, 0x000000070a400000, 0x000000070a600000|  0%| F|  |TAMS 0x000000070a400000| PB 0x000000070a400000| Untracked |  0
|  46|0x000000070a600000, 0x000000070a600000, 0x000000070a800000|  0%| F|  |TAMS 0x000000070a600000| PB 0x000000070a600000| Untracked |  0
|  47|0x000000070a800000, 0x000000070a800000, 0x000000070aa00000|  0%| F|  |TAMS 0x000000070a800000| PB 0x000000070a800000| Untracked |  0
|  48|0x000000070aa00000, 0x000000070aa00000, 0x000000070ac00000|  0%| F|  |TAMS 0x000000070aa00000| PB 0x000000070aa00000| Untracked |  0
|  49|0x000000070ac00000, 0x000000070ac00000, 0x000000070ae00000|  0%| F|  |TAMS 0x000000070ac00000| PB 0x000000070ac00000| Untracked |  0
|  50|0x000000070ae00000, 0x000000070ae00000, 0x000000070b000000|  0%| F|  |TAMS 0x000000070ae00000| PB 0x000000070ae00000| Untracked |  0
|  51|0x000000070b000000, 0x000000070b000000, 0x000000070b200000|  0%| F|  |TAMS 0x000000070b000000| PB 0x000000070b000000| Untracked |  0
|  52|0x000000070b200000, 0x000000070b200000, 0x000000070b400000|  0%| F|  |TAMS 0x000000070b200000| PB 0x000000070b200000| Untracked |  0
|  53|0x000000070b400000, 0x000000070b400000, 0x000000070b600000|  0%| F|  |TAMS 0x000000070b400000| PB 0x000000070b400000| Untracked |  0
|  54|0x000000070b600000, 0x000000070b600000, 0x000000070b800000|  0%| F|  |TAMS 0x000000070b600000| PB 0x000000070b600000| Untracked |  0
|  55|0x000000070b800000, 0x000000070b800000, 0x000000070ba00000|  0%| F|  |TAMS 0x000000070b800000| PB 0x000000070b800000| Untracked |  0
|  56|0x000000070ba00000, 0x000000070ba00000, 0x000000070bc00000|  0%| F|  |TAMS 0x000000070ba00000| PB 0x000000070ba00000| Untracked |  0
|  57|0x000000070bc00000, 0x000000070bc00000, 0x000000070be00000|  0%| F|  |TAMS 0x000000070bc00000| PB 0x000000070bc00000| Untracked |  0
|  58|0x000000070be00000, 0x000000070be00000, 0x000000070c000000|  0%| F|  |TAMS 0x000000070be00000| PB 0x000000070be00000| Untracked |  0
|  59|0x000000070c000000, 0x000000070c000000, 0x000000070c200000|  0%| F|  |TAMS 0x000000070c000000| PB 0x000000070c000000| Untracked |  0
|  60|0x000000070c200000, 0x000000070c200000, 0x000000070c400000|  0%| F|  |TAMS 0x000000070c200000| PB 0x000000070c200000| Untracked |  0
|  61|0x000000070c400000, 0x000000070c400000, 0x000000070c600000|  0%| F|  |TAMS 0x000000070c400000| PB 0x000000070c400000| Untracked |  0
|  62|0x000000070c600000, 0x000000070c600000, 0x000000070c800000|  0%| F|  |TAMS 0x000000070c600000| PB 0x000000070c600000| Untracked |  0
|  63|0x000000070c800000, 0x000000070c800000, 0x000000070ca00000|  0%| F|  |TAMS 0x000000070c800000| PB 0x000000070c800000| Untracked |  0
|  64|0x000000070ca00000, 0x000000070ca00000, 0x000000070cc00000|  0%| F|  |TAMS 0x000000070ca00000| PB 0x000000070ca00000| Untracked |  0
|  65|0x000000070cc00000, 0x000000070cc00000, 0x000000070ce00000|  0%| F|  |TAMS 0x000000070cc00000| PB 0x000000070cc00000| Untracked |  0
|  66|0x000000070ce00000, 0x000000070ce00000, 0x000000070d000000|  0%| F|  |TAMS 0x000000070ce00000| PB 0x000000070ce00000| Untracked |  0
|  67|0x000000070d000000, 0x000000070d000000, 0x000000070d200000|  0%| F|  |TAMS 0x000000070d000000| PB 0x000000070d000000| Untracked |  0
|  68|0x000000070d200000, 0x000000070d200000, 0x000000070d400000|  0%| F|  |TAMS 0x000000070d200000| PB 0x000000070d200000| Untracked |  0
|  69|0x000000070d400000, 0x000000070d400000, 0x000000070d600000|  0%| F|  |TAMS 0x000000070d400000| PB 0x000000070d400000| Untracked |  0
|  70|0x000000070d600000, 0x000000070d600000, 0x000000070d800000|  0%| F|  |TAMS 0x000000070d600000| PB 0x000000070d600000| Untracked |  0
|  71|0x000000070d800000, 0x000000070d800000, 0x000000070da00000|  0%| F|  |TAMS 0x000000070d800000| PB 0x000000070d800000| Untracked |  0
|  72|0x000000070da00000, 0x000000070da00000, 0x000000070dc00000|  0%| F|  |TAMS 0x000000070da00000| PB 0x000000070da00000| Untracked |  0
|  73|0x000000070dc00000, 0x000000070dc00000, 0x000000070de00000|  0%| F|  |TAMS 0x000000070dc00000| PB 0x000000070dc00000| Untracked |  0
|  74|0x000000070de00000, 0x000000070de00000, 0x000000070e000000|  0%| F|  |TAMS 0x000000070de00000| PB 0x000000070de00000| Untracked |  0
|  75|0x000000070e000000, 0x000000070e000000, 0x000000070e200000|  0%| F|  |TAMS 0x000000070e000000| PB 0x000000070e000000| Untracked |  0
|  76|0x000000070e200000, 0x000000070e200000, 0x000000070e400000|  0%| F|  |TAMS 0x000000070e200000| PB 0x000000070e200000| Untracked |  0
|  77|0x000000070e400000, 0x000000070e400000, 0x000000070e600000|  0%| F|  |TAMS 0x000000070e400000| PB 0x000000070e400000| Untracked |  0
|  78|0x000000070e600000, 0x000000070e600000, 0x000000070e800000|  0%| F|  |TAMS 0x000000070e600000| PB 0x000000070e600000| Untracked |  0
|  79|0x000000070e800000, 0x000000070e800000, 0x000000070ea00000|  0%| F|  |TAMS 0x000000070e800000| PB 0x000000070e800000| Untracked |  0
|  80|0x000000070ea00000, 0x000000070ea00000, 0x000000070ec00000|  0%| F|  |TAMS 0x000000070ea00000| PB 0x000000070ea00000| Untracked |  0
|  81|0x000000070ec00000, 0x000000070ec00000, 0x000000070ee00000|  0%| F|  |TAMS 0x000000070ec00000| PB 0x000000070ec00000| Untracked |  0
|  82|0x000000070ee00000, 0x000000070ee00000, 0x000000070f000000|  0%| F|  |TAMS 0x000000070ee00000| PB 0x000000070ee00000| Untracked |  0
|  83|0x000000070f000000, 0x000000070f000000, 0x000000070f200000|  0%| F|  |TAMS 0x000000070f000000| PB 0x000000070f000000| Untracked |  0
|  84|0x000000070f200000, 0x000000070f200000, 0x000000070f400000|  0%| F|  |TAMS 0x000000070f200000| PB 0x000000070f200000| Untracked |  0
|  85|0x000000070f400000, 0x000000070f400000, 0x000000070f600000|  0%| F|  |TAMS 0x000000070f400000| PB 0x000000070f400000| Untracked |  0
|  86|0x000000070f600000, 0x000000070f600000, 0x000000070f800000|  0%| F|  |TAMS 0x000000070f600000| PB 0x000000070f600000| Untracked |  0
|  87|0x000000070f800000, 0x000000070f800000, 0x000000070fa00000|  0%| F|  |TAMS 0x000000070f800000| PB 0x000000070f800000| Untracked |  0
|  88|0x000000070fa00000, 0x000000070fa00000, 0x000000070fc00000|  0%| F|  |TAMS 0x000000070fa00000| PB 0x000000070fa00000| Untracked |  0
|  89|0x000000070fc00000, 0x000000070fc00000, 0x000000070fe00000|  0%| F|  |TAMS 0x000000070fc00000| PB 0x000000070fc00000| Untracked |  0
|  90|0x000000070fe00000, 0x000000070fe00000, 0x0000000710000000|  0%| F|  |TAMS 0x000000070fe00000| PB 0x000000070fe00000| Untracked |  0
|  91|0x0000000710000000, 0x0000000710000000, 0x0000000710200000|  0%| F|  |TAMS 0x0000000710000000| PB 0x0000000710000000| Untracked |  0
|  92|0x0000000710200000, 0x0000000710200000, 0x0000000710400000|  0%| F|  |TAMS 0x0000000710200000| PB 0x0000000710200000| Untracked |  0
|  93|0x0000000710400000, 0x0000000710400000, 0x0000000710600000|  0%| F|  |TAMS 0x0000000710400000| PB 0x0000000710400000| Untracked |  0
|  94|0x0000000710600000, 0x0000000710600000, 0x0000000710800000|  0%| F|  |TAMS 0x0000000710600000| PB 0x0000000710600000| Untracked |  0
|  95|0x0000000710800000, 0x0000000710800000, 0x0000000710a00000|  0%| F|  |TAMS 0x0000000710800000| PB 0x0000000710800000| Untracked |  0
|  96|0x0000000710a00000, 0x0000000710a00000, 0x0000000710c00000|  0%| F|  |TAMS 0x0000000710a00000| PB 0x0000000710a00000| Untracked |  0
|  97|0x0000000710c00000, 0x0000000710c00000, 0x0000000710e00000|  0%| F|  |TAMS 0x0000000710c00000| PB 0x0000000710c00000| Untracked |  0
|  98|0x0000000710e00000, 0x0000000710e00000, 0x0000000711000000|  0%| F|  |TAMS 0x0000000710e00000| PB 0x0000000710e00000| Untracked |  0
|  99|0x0000000711000000, 0x0000000711000000, 0x0000000711200000|  0%| F|  |TAMS 0x0000000711000000| PB 0x0000000711000000| Untracked |  0
| 100|0x0000000711200000, 0x0000000711200000, 0x0000000711400000|  0%| F|  |TAMS 0x0000000711200000| PB 0x0000000711200000| Untracked |  0
| 101|0x0000000711400000, 0x0000000711400000, 0x0000000711600000|  0%| F|  |TAMS 0x0000000711400000| PB 0x0000000711400000| Untracked |  0
| 102|0x0000000711600000, 0x0000000711600000, 0x0000000711800000|  0%| F|  |TAMS 0x0000000711600000| PB 0x0000000711600000| Untracked |  0
| 103|0x0000000711800000, 0x0000000711800000, 0x0000000711a00000|  0%| F|  |TAMS 0x0000000711800000| PB 0x0000000711800000| Untracked |  0
| 104|0x0000000711a00000, 0x0000000711a00000, 0x0000000711c00000|  0%| F|  |TAMS 0x0000000711a00000| PB 0x0000000711a00000| Untracked |  0
| 105|0x0000000711c00000, 0x0000000711c00000, 0x0000000711e00000|  0%| F|  |TAMS 0x0000000711c00000| PB 0x0000000711c00000| Untracked |  0
| 106|0x0000000711e00000, 0x0000000711e00000, 0x0000000712000000|  0%| F|  |TAMS 0x0000000711e00000| PB 0x0000000711e00000| Untracked |  0
| 107|0x0000000712000000, 0x0000000712000000, 0x0000000712200000|  0%| F|  |TAMS 0x0000000712000000| PB 0x0000000712000000| Untracked |  0
| 108|0x0000000712200000, 0x0000000712200000, 0x0000000712400000|  0%| F|  |TAMS 0x0000000712200000| PB 0x0000000712200000| Untracked |  0
| 109|0x0000000712400000, 0x0000000712400000, 0x0000000712600000|  0%| F|  |TAMS 0x0000000712400000| PB 0x0000000712400000| Untracked |  0
| 110|0x0000000712600000, 0x0000000712600000, 0x0000000712800000|  0%| F|  |TAMS 0x0000000712600000| PB 0x0000000712600000| Untracked |  0
| 111|0x0000000712800000, 0x0000000712800000, 0x0000000712a00000|  0%| F|  |TAMS 0x0000000712800000| PB 0x0000000712800000| Untracked |  0
| 112|0x0000000712a00000, 0x0000000712b72a70, 0x0000000712c00000| 72%| S|CS|TAMS 0x0000000712a00000| PB 0x0000000712a00000| Complete |  0
| 113|0x0000000712c00000, 0x0000000712e00000, 0x0000000712e00000|100%| S|CS|TAMS 0x0000000712c00000| PB 0x0000000712c00000| Complete |  0
| 114|0x0000000712e00000, 0x0000000712e00000, 0x0000000713000000|  0%| F|  |TAMS 0x0000000712e00000| PB 0x0000000712e00000| Untracked |  0
| 115|0x0000000713000000, 0x0000000713000000, 0x0000000713200000|  0%| F|  |TAMS 0x0000000713000000| PB 0x0000000713000000| Untracked |  0
| 116|0x0000000713200000, 0x0000000713200000, 0x0000000713400000|  0%| F|  |TAMS 0x0000000713200000| PB 0x0000000713200000| Untracked |  0
| 117|0x0000000713400000, 0x0000000713400000, 0x0000000713600000|  0%| F|  |TAMS 0x0000000713400000| PB 0x0000000713400000| Untracked |  0
| 118|0x0000000713600000, 0x0000000713600000, 0x0000000713800000|  0%| F|  |TAMS 0x0000000713600000| PB 0x0000000713600000| Untracked |  0
| 119|0x0000000713800000, 0x0000000713800000, 0x0000000713a00000|  0%| F|  |TAMS 0x0000000713800000| PB 0x0000000713800000| Untracked |  0
| 120|0x0000000713a00000, 0x0000000713a00000, 0x0000000713c00000|  0%| F|  |TAMS 0x0000000713a00000| PB 0x0000000713a00000| Untracked |  0
| 121|0x0000000713c00000, 0x0000000713c00000, 0x0000000713e00000|  0%| F|  |TAMS 0x0000000713c00000| PB 0x0000000713c00000| Untracked |  0
| 122|0x0000000713e00000, 0x0000000713e00000, 0x0000000714000000|  0%| F|  |TAMS 0x0000000713e00000| PB 0x0000000713e00000| Untracked |  0
| 123|0x0000000714000000, 0x0000000714000000, 0x0000000714200000|  0%| F|  |TAMS 0x0000000714000000| PB 0x0000000714000000| Untracked |  0
| 124|0x0000000714200000, 0x00000007143bdaf8, 0x0000000714400000| 87%| E|  |TAMS 0x0000000714200000| PB 0x0000000714200000| Complete |  0
| 125|0x0000000714400000, 0x0000000714600000, 0x0000000714600000|100%| E|CS|TAMS 0x0000000714400000| PB 0x0000000714400000| Complete |  0

Card table byte_map: [0x0000029fb7ab0000,0x0000029fb8290000] _byte_map_base: 0x0000029fb428b000

Marking Bits: (CMBitMap*) 0x0000029f9dd00cf0
 Bits: [0x0000029fb8290000, 0x0000029fbc168000)

Polling page: 0x0000029f9dd60000

Metaspace:

Usage:
  Non-class:     10.30 MB used.
      Class:      1.33 MB used.
       Both:     11.64 MB used.

Virtual space:
  Non-class space:       64.00 MB reserved,      10.56 MB ( 17%) committed,  1 nodes.
      Class space:        1.00 GB reserved,       1.50 MB ( <1%) committed,  1 nodes.
             Both:        1.06 GB reserved,      12.06 MB (  1%) committed. 

Chunk freelists:
   Non-Class:  4.98 MB
       Class:  14.51 MB
        Both:  19.49 MB

MaxMetaspaceSize: unlimited
CompressedClassSpaceSize: 1.00 GB
Initial GC threshold: 21.00 MB
Current GC threshold: 21.00 MB
CDS: on
 - commit_granule_bytes: 65536.
 - commit_granule_words: 8192.
 - virtual_space_node_default_size: 8388608.
 - enlarge_chunks_in_place: 1.
 - use_allocation_guard: 0.


Internal statistics:

num_allocs_failed_limit: 0.
num_arena_births: 480.
num_arena_deaths: 0.
num_vsnodes_births: 2.
num_vsnodes_deaths: 0.
num_space_committed: 193.
num_space_uncommitted: 0.
num_chunks_returned_to_freelist: 0.
num_chunks_taken_from_freelist: 639.
num_chunk_merges: 0.
num_chunk_splits: 366.
num_chunks_enlarged: 119.
num_inconsistent_stats: 0.

CodeHeap 'non-profiled nmethods': size=120000Kb used=783Kb max_used=783Kb free=119216Kb
 bounds [0x0000029faf430000, 0x0000029faf6a0000, 0x0000029fb6960000]
CodeHeap 'profiled nmethods': size=120000Kb used=3853Kb max_used=3853Kb free=116146Kb
 bounds [0x0000029fa7960000, 0x0000029fa7d30000, 0x0000029faee90000]
CodeHeap 'non-nmethods': size=5760Kb used=1811Kb max_used=1845Kb free=3948Kb
 bounds [0x0000029faee90000, 0x0000029faf100000, 0x0000029faf430000]
 total_blobs=2905 nmethods=2236 adapters=573
 compilation: enabled
              stopped_count=0, restarted_count=0
 full_count=0

Compilation events (20 events):
Event: 2408.467 Thread 0x0000029fbe58d280 2227       4       jdk.internal.misc.Unsafe::weakCompareAndSetInt (11 bytes)
Event: 2408.468 Thread 0x0000029fbe58d280 nmethod 2227 0x0000029faf4f2190 code [0x0000029faf4f2300, 0x0000029faf4f2398]
Event: 2408.477 Thread 0x000002a004027d60 2228       3       javax.swing.plaf.metal.MetalLookAndFeel::usingOcean (7 bytes)
Event: 2408.477 Thread 0x000002a004027d60 nmethod 2228 0x0000029fa7d1d890 code [0x0000029fa7d1da40, 0x0000029fa7d1dc30]
Event: 2409.158 Thread 0x000002a004027d60 2229       1       sun.util.locale.BaseLocale::getRegion (5 bytes)
Event: 2409.159 Thread 0x000002a004027d60 nmethod 2229 0x0000029faf4f2490 code [0x0000029faf4f2620, 0x0000029faf4f26f0]
Event: 2461.186 Thread 0x000002a004027d60 2230       3       java.lang.invoke.StringConcatFactory::parseRecipe (213 bytes)
Event: 2461.188 Thread 0x000002a004027d60 nmethod 2230 0x0000029fa7d1dd10 code [0x0000029fa7d1e0e0, 0x0000029fa7d1fb78]
Event: 2461.189 Thread 0x0000029fbe58d280 2231       4       java.util.concurrent.locks.ReentrantLock$NonfairSync::initialTryLock (58 bytes)
Event: 2461.190 Thread 0x000002a004027d60 2232   !   3       java.io.PrintStream::writeln (81 bytes)
Event: 2461.191 Thread 0x0000029fbe58d280 nmethod 2231 0x0000029faf4f2790 code [0x0000029faf4f2920, 0x0000029faf4f2af0]
Event: 2461.191 Thread 0x000002a004027d60 nmethod 2232 0x0000029fa7d20690 code [0x0000029fa7d20940, 0x0000029fa7d21748]
Event: 2461.191 Thread 0x000002a004027d60 2233       3       java.io.PrintStream::implWriteln (48 bytes)
Event: 2461.192 Thread 0x000002a004027d60 nmethod 2233 0x0000029fa7d21e90 code [0x0000029fa7d22100, 0x0000029fa7d22b28]
Event: 2461.211 Thread 0x0000029fbe58d280 2234       4       java.lang.StringConcatHelper::simpleConcat (94 bytes)
Event: 2461.211 Thread 0x000002a004027d60 2235       3       jdk.internal.util.ReferencedKeyMap::removeStaleReferences (30 bytes)
Event: 2461.212 Thread 0x000002a004027d60 nmethod 2235 0x0000029fa7d22f90 code [0x0000029fa7d23160, 0x0000029fa7d234c8]
Event: 2461.212 Thread 0x000002a004027d60 2236       1       java.util.HashMap::size (5 bytes)
Event: 2461.212 Thread 0x000002a004027d60 nmethod 2236 0x0000029faf4f2b90 code [0x0000029faf4f2d20, 0x0000029faf4f2de8]
Event: 2461.216 Thread 0x0000029fbe58d280 nmethod 2234 0x0000029faf4f2e90 code [0x0000029faf4f3080, 0x0000029faf4f38b0]

GC Heap History (2 events):
Event: 2.144 GC heap before
{Heap before GC invocations=0 (full 0):
 garbage-first heap   total reserved 4118528K, committed 258048K, used 28672K [0x0000000704a00000, 0x0000000800000000)
  region size 2048K, 12 young (24576K), 0 survivors (0K)
 Metaspace       used 11400K, committed 11776K, reserved 1114112K
  class space    used 1349K, committed 1536K, reserved 1048576K
}
Event: 2.148 GC heap after
{Heap after GC invocations=1 (full 0):
 garbage-first heap   total reserved 4118528K, committed 258048K, used 7626K [0x0000000704a00000, 0x0000000800000000)
  region size 2048K, 2 young (4096K), 2 survivors (4096K)
 Metaspace       used 11400K, committed 11776K, reserved 1114112K
  class space    used 1349K, committed 1536K, reserved 1048576K
}

Dll operation events (8 events):
Event: 0.007 Loaded shared library C:\Program Files\Java\jdk-22\bin\java.dll
Event: 0.036 Loaded shared library C:\Program Files\Java\jdk-22\bin\jsvml.dll
Event: 0.061 Loaded shared library C:\Program Files\Java\jdk-22\bin\net.dll
Event: 0.063 Loaded shared library C:\Program Files\Java\jdk-22\bin\nio.dll
Event: 0.108 Loaded shared library C:\Program Files\Java\jdk-22\bin\jimage.dll
Event: 0.213 Loaded shared library C:\Program Files\Java\jdk-22\bin\awt.dll
Event: 0.502 Loaded shared library C:\Program Files\Java\jdk-22\bin\freetype.dll
Event: 0.503 Loaded shared library C:\Program Files\Java\jdk-22\bin\fontmanager.dll

Deoptimization events (20 events):
Event: 2.933 Thread 0x000002a0047c0800 Uncommon trap: trap_request=0xffffff45 fr.pc=0x0000029faf49d3bc relative=0x000000000000009c
Event: 2.933 Thread 0x000002a0047c0800 Uncommon trap: reason=unstable_if action=reinterpret pc=0x0000029faf49d3bc method=java.lang.ref.ReferenceQueue.headIsNull()Z @ 4 c2
Event: 2.933 Thread 0x000002a0047c0800 DEOPT PACKING pc=0x0000029faf49d3bc sp=0x000000cbdb2fd140
Event: 2.933 Thread 0x000002a0047c0800 DEOPT UNPACKING pc=0x0000029faeee7da2 sp=0x000000cbdb2fd000 mode 2
Event: 2.933 Thread 0x000002a0047c0800 Uncommon trap: trap_request=0xffffff45 fr.pc=0x0000029faf49d06c relative=0x000000000000006c
Event: 2.933 Thread 0x000002a0047c0800 Uncommon trap: reason=unstable_if action=reinterpret pc=0x0000029faf49d06c method=java.lang.ref.ReferenceQueue.headIsNull()Z @ 4 c2
Event: 2.933 Thread 0x000002a0047c0800 DEOPT PACKING pc=0x0000029faf49d06c sp=0x000000cbdb2fd0d0
Event: 2.934 Thread 0x000002a0047c0800 DEOPT UNPACKING pc=0x0000029faeee7da2 sp=0x000000cbdb2fd000 mode 2
Event: 2461.185 Thread 0x000002a0047c0800 Uncommon trap: trap_request=0xffffff45 fr.pc=0x0000029faf4e0184 relative=0x00000000000000c4
Event: 2461.185 Thread 0x000002a0047c0800 Uncommon trap: reason=unstable_if action=reinterpret pc=0x0000029faf4e0184 method=java.lang.StrictMath.floorOrCeil(DDDD)D @ 38 c2
Event: 2461.185 Thread 0x000002a0047c0800 DEOPT PACKING pc=0x0000029faf4e0184 sp=0x000000cbdb2fee30
Event: 2461.185 Thread 0x000002a0047c0800 DEOPT UNPACKING pc=0x0000029faeee7da2 sp=0x000000cbdb2fed50 mode 2
Event: 2461.189 Thread 0x000002a0047c0800 Uncommon trap: trap_request=0xffffff45 fr.pc=0x0000029faf4eb938 relative=0x0000000000002cf8
Event: 2461.189 Thread 0x000002a0047c0800 Uncommon trap: reason=unstable_if action=reinterpret pc=0x0000029faf4eb938 method=java.awt.EventQueue.getPriority(Ljava/awt/AWTEvent;)I @ 4 c2
Event: 2461.189 Thread 0x000002a0047c0800 DEOPT PACKING pc=0x0000029faf4eb938 sp=0x000000cbdb2ff470
Event: 2461.189 Thread 0x000002a0047c0800 DEOPT UNPACKING pc=0x0000029faeee7da2 sp=0x000000cbdb2ff338 mode 2
Event: 2461.189 Thread 0x000002a0047c0800 Uncommon trap: trap_request=0xffffff45 fr.pc=0x0000029faf4e80b8 relative=0x0000000000000098
Event: 2461.189 Thread 0x000002a0047c0800 Uncommon trap: reason=unstable_if action=reinterpret pc=0x0000029faf4e80b8 method=java.awt.EventQueue.eventToCacheIndex(Ljava/awt/AWTEvent;)I @ 71 c2
Event: 2461.189 Thread 0x000002a0047c0800 DEOPT PACKING pc=0x0000029faf4e80b8 sp=0x000000cbdb2ff1f0
Event: 2461.189 Thread 0x000002a0047c0800 DEOPT UNPACKING pc=0x0000029faeee7da2 sp=0x000000cbdb2ff190 mode 2

Classes loaded (20 events):
Event: 2319.980 Loading class javax/swing/Popup$HeavyWeightWindow
Event: 2319.980 Loading class sun/awt/ModalExclude
Event: 2319.980 Loading class sun/awt/ModalExclude done
Event: 2319.980 Loading class javax/swing/JWindow
Event: 2319.980 Loading class javax/swing/JWindow done
Event: 2319.980 Loading class javax/swing/Popup$HeavyWeightWindow done
Event: 2461.185 Loading class java/util/WeakHashMap$KeyIterator
Event: 2461.185 Loading class java/util/WeakHashMap$HashIterator
Event: 2461.185 Loading class java/util/WeakHashMap$HashIterator done
Event: 2461.185 Loading class java/util/WeakHashMap$KeyIterator done
Event: 2461.186 Loading class java/awt/IllegalComponentStateException
Event: 2461.186 Loading class java/awt/IllegalComponentStateException done
Event: 2461.187 Loading class java/lang/Throwable$WrappedPrintStream
Event: 2461.187 Loading class java/lang/Throwable$PrintStreamOrWriter
Event: 2461.188 Loading class java/lang/Throwable$PrintStreamOrWriter done
Event: 2461.188 Loading class java/lang/Throwable$WrappedPrintStream done
Event: 2461.188 Loading class java/lang/StackTraceElement$HashedModules
Event: 2461.189 Loading class java/lang/StackTraceElement$HashedModules done
Event: 2461.189 Loading class java/awt/AWTError
Event: 2461.190 Loading class java/awt/AWTError done

Classes unloaded (0 events):
No events

Classes redefined (0 events):
No events

Internal exceptions (20 events):
Event: 0.467 Thread 0x0000029f9d9bf010 Exception <a 'sun/nio/fs/WindowsException'{0x0000000712e25910}> (0x0000000712e25910) 
thrown [s\open\src\hotspot\share\prims\jni.cpp, line 520]
Event: 0.468 Thread 0x0000029f9d9bf010 Exception <a 'sun/nio/fs/WindowsException'{0x0000000712e2a180}> (0x0000000712e2a180) 
thrown [s\open\src\hotspot\share\prims\jni.cpp, line 520]
Event: 0.470 Thread 0x0000029f9d9bf010 Exception <a 'sun/nio/fs/WindowsException'{0x0000000712e40920}> (0x0000000712e40920) 
thrown [s\open\src\hotspot\share\prims\jni.cpp, line 520]
Event: 0.472 Thread 0x0000029f9d9bf010 Exception <a 'sun/nio/fs/WindowsException'{0x0000000712e47a48}> (0x0000000712e47a48) 
thrown [s\open\src\hotspot\share\prims\jni.cpp, line 520]
Event: 0.473 Thread 0x0000029f9d9bf010 Exception <a 'sun/nio/fs/WindowsException'{0x0000000712e4b3f0}> (0x0000000712e4b3f0) 
thrown [s\open\src\hotspot\share\prims\jni.cpp, line 520]
Event: 0.475 Thread 0x0000029f9d9bf010 Exception <a 'sun/nio/fs/WindowsException'{0x0000000712e52230}> (0x0000000712e52230) 
thrown [s\open\src\hotspot\share\prims\jni.cpp, line 520]
Event: 0.475 Thread 0x0000029f9d9bf010 Exception <a 'sun/nio/fs/WindowsException'{0x0000000712e551d8}> (0x0000000712e551d8) 
thrown [s\open\src\hotspot\share\prims\jni.cpp, line 520]
Event: 0.478 Thread 0x0000029f9d9bf010 Exception <a 'java/lang/NoSuchMethodError'{0x0000000712e5e1d8}: 'java.lang.Object java.lang.invoke.DirectMethodHandle$Holder.invokeVirtual(java.lang.Object, java.lang.Object, java.lang.Object)'> (0x0000000712e5e1d8) 
thrown [s\open\src\hotspot\share\interpreter\linkResolver.cpp, line 774]
Event: 0.479 Thread 0x0000029f9d9bf010 Exception <a 'sun/nio/fs/WindowsException'{0x0000000712e68d00}> (0x0000000712e68d00) 
thrown [s\open\src\hotspot\share\prims\jni.cpp, line 520]
Event: 0.481 Thread 0x0000029f9d9bf010 Implicit null exception at 0x0000029faf49225f to 0x0000029faf493084
Event: 0.482 Thread 0x0000029f9d9bf010 Exception <a 'sun/nio/fs/WindowsException'{0x0000000712e6fba8}> (0x0000000712e6fba8) 
thrown [s\open\src\hotspot\share\prims\jni.cpp, line 520]
Event: 0.482 Thread 0x0000029f9d9bf010 Exception <a 'sun/nio/fs/WindowsException'{0x0000000712e71668}> (0x0000000712e71668) 
thrown [s\open\src\hotspot\share\prims\jni.cpp, line 520]
Event: 0.483 Thread 0x0000029f9d9bf010 Exception <a 'sun/nio/fs/WindowsException'{0x0000000712e76148}> (0x0000000712e76148) 
thrown [s\open\src\hotspot\share\prims\jni.cpp, line 520]
Event: 0.483 Thread 0x0000029f9d9bf010 Exception <a 'sun/nio/fs/WindowsException'{0x0000000712e77c28}> (0x0000000712e77c28) 
thrown [s\open\src\hotspot\share\prims\jni.cpp, line 520]
Event: 0.484 Thread 0x0000029f9d9bf010 Exception <a 'sun/nio/fs/WindowsException'{0x0000000712e7cab8}> (0x0000000712e7cab8) 
thrown [s\open\src\hotspot\share\prims\jni.cpp, line 520]
Event: 0.484 Thread 0x0000029f9d9bf010 Exception <a 'sun/nio/fs/WindowsException'{0x0000000712e7e568}> (0x0000000712e7e568) 
thrown [s\open\src\hotspot\share\prims\jni.cpp, line 520]
Event: 0.485 Thread 0x0000029f9d9bf010 Exception <a 'sun/nio/fs/WindowsException'{0x0000000712e81668}> (0x0000000712e81668) 
thrown [s\open\src\hotspot\share\prims\jni.cpp, line 520]
Event: 0.485 Thread 0x0000029f9d9bf010 Exception <a 'sun/nio/fs/WindowsException'{0x0000000712e84380}> (0x0000000712e84380) 
thrown [s\open\src\hotspot\share\prims\jni.cpp, line 520]
Event: 0.499 Thread 0x0000029f9d9bf010 Exception <a 'java/lang/NoSuchMethodError'{0x0000000712ea61c8}: 'void java.lang.invoke.DirectMethodHandle$Holder.invokeStaticInit(java.lang.Object)'> (0x0000000712ea61c8) 
thrown [s\open\src\hotspot\share\interpreter\linkResolver.cpp, line 774]
Event: 0.515 Thread 0x0000029f9d9bf010 Exception <a 'sun/nio/fs/WindowsException'{0x0000000712ed5dd8}> (0x0000000712ed5dd8) 
thrown [s\open\src\hotspot\share\prims\jni.cpp, line 520]

ZGC Phase Switch (0 events):
No events

VM Operations (20 events):
Event: 2310.310 Executing VM operation: Cleanup
Event: 2310.310 Executing VM operation: Cleanup done
Event: 2311.310 Executing VM operation: Cleanup
Event: 2311.310 Executing VM operation: Cleanup done
Event: 2312.325 Executing VM operation: Cleanup
Event: 2312.325 Executing VM operation: Cleanup done
Event: 2313.340 Executing VM operation: Cleanup
Event: 2313.340 Executing VM operation: Cleanup done
Event: 2315.354 Executing VM operation: Cleanup
Event: 2315.354 Executing VM operation: Cleanup done
Event: 2316.369 Executing VM operation: Cleanup
Event: 2316.369 Executing VM operation: Cleanup done
Event: 2320.402 Executing VM operation: Cleanup
Event: 2320.402 Executing VM operation: Cleanup done
Event: 2342.137 Executing VM operation: HandshakeAllThreads (HandshakeForDeflation)
Event: 2342.137 Executing VM operation: HandshakeAllThreads (HandshakeForDeflation) done
Event: 2342.137 Executing VM operation: RendezvousGCThreads
Event: 2342.137 Executing VM operation: RendezvousGCThreads done
Event: 2408.670 Executing VM operation: Cleanup
Event: 2408.670 Executing VM operation: Cleanup done

Memory protections (0 events):
No events

Nmethod flushes (0 events):
No events

Events (20 events):
Event: 0.033 Thread 0x0000029f9d9bf010 Thread added: 0x0000029fbe5725a0
Event: 0.034 Thread 0x0000029f9d9bf010 Thread added: 0x0000029fbe573200
Event: 0.034 Thread 0x0000029f9d9bf010 Thread added: 0x0000029fbe57aa50
Event: 0.034 Thread 0x0000029f9d9bf010 Thread added: 0x0000029fbe57b4b0
Event: 0.034 Thread 0x0000029f9d9bf010 Thread added: 0x0000029fbe588330
Event: 0.034 Thread 0x0000029f9d9bf010 Thread added: 0x0000029fbe588ec0
Event: 0.034 Thread 0x0000029f9d9bf010 Thread added: 0x0000029fbe58d280
Event: 0.034 Thread 0x0000029f9d9bf010 Thread added: 0x000002a004027d60
Event: 0.056 Thread 0x0000029f9d9bf010 Thread added: 0x000002a00412a5c0
Event: 0.102 Thread 0x0000029f9d9bf010 Thread added: 0x000002a0041c0bf0
Event: 0.179 Thread 0x000002a004027d60 Thread added: 0x000002a004027690
Event: 0.182 Thread 0x0000029fbe58d280 Thread added: 0x000002a0040298a0
Event: 0.247 Thread 0x0000029f9d9bf010 Thread added: 0x000002a004481290
Event: 0.248 Thread 0x0000029f9d9bf010 Thread added: 0x000002a004395c90
Event: 0.249 Thread 0x0000029f9d9bf010 Thread added: 0x000002a00439b140
Event: 0.417 Thread 0x0000029f9d9bf010 Thread added: 0x000002a0047c0800
Event: 0.571 Thread 0x0000029f9d9bf010 Thread exited: 0x0000029f9d9bf010
Event: 0.571 Thread 0x0000029f9d9bf010 Thread added: 0x0000029f9d9bf010
Event: 1.000 Thread 0x000002a0040298a0 Thread exited: 0x000002a0040298a0
Event: 1.103 Thread 0x000002a004027690 Thread exited: 0x000002a004027690


Dynamic libraries:
0x00007ff659690000 - 0x00007ff6596a0000 	C:\Program Files\Java\jdk-22\bin\javaw.exe
0x00007ff9ab5a0000 - 0x00007ff9ab803000 	C:\WINDOWS\SYSTEM32\ntdll.dll
0x00007ff9aa3a0000 - 0x00007ff9aa468000 	C:\WINDOWS\System32\KERNEL32.DLL
0x00007ff9a8e30000 - 0x00007ff9a91e2000 	C:\WINDOWS\System32\KERNELBASE.dll
0x00007ff9a92b0000 - 0x00007ff9a93fb000 	C:\WINDOWS\System32\ucrtbase.dll
0x00007ff9a3770000 - 0x00007ff9a3787000 	C:\Program Files\Java\jdk-22\bin\jli.dll
0x00007ff9a3750000 - 0x00007ff9a376b000 	C:\Program Files\Java\jdk-22\bin\VCRUNTIME140.dll
0x00007ff9ab080000 - 0x00007ff9ab248000 	C:\WINDOWS\System32\USER32.dll
0x00007ff996780000 - 0x00007ff996a10000 	C:\WINDOWS\WinSxS\amd64_microsoft.windows.common-controls_6595b64144ccf1df_6.0.26100.2454_none_3e0b68a2e331ad60\COMCTL32.dll
0x00007ff9a8a20000 - 0x00007ff9a8a47000 	C:\WINDOWS\System32\win32u.dll
0x00007ff9a9b50000 - 0x00007ff9a9bf9000 	C:\WINDOWS\System32\msvcrt.dll
0x00007ff9aa4c0000 - 0x00007ff9aa4ea000 	C:\WINDOWS\System32\GDI32.dll
0x00007ff9a8ae0000 - 0x00007ff9a8c0b000 	C:\WINDOWS\System32\gdi32full.dll
0x00007ff9a8970000 - 0x00007ff9a8a13000 	C:\WINDOWS\System32\msvcp_win.dll
0x00007ff9a9b10000 - 0x00007ff9a9b3f000 	C:\WINDOWS\System32\IMM32.DLL
0x00007ff9a3740000 - 0x00007ff9a374c000 	C:\Program Files\Java\jdk-22\bin\vcruntime140_1.dll
0x00007ff9a36b0000 - 0x00007ff9a373e000 	C:\Program Files\Java\jdk-22\bin\msvcp140.dll
0x00007ff94bf80000 - 0x00007ff94ccc9000 	C:\Program Files\Java\jdk-22\bin\server\jvm.dll
0x00007ff9a99c0000 - 0x00007ff9a9a74000 	C:\WINDOWS\System32\ADVAPI32.dll
0x00007ff9ab2b0000 - 0x00007ff9ab356000 	C:\WINDOWS\System32\sechost.dll
0x00007ff9ab440000 - 0x00007ff9ab556000 	C:\WINDOWS\System32\RPCRT4.dll
0x00007ff9aa620000 - 0x00007ff9aa694000 	C:\WINDOWS\System32\WS2_32.dll
0x00007ff9a7640000 - 0x00007ff9a768e000 	C:\WINDOWS\SYSTEM32\POWRPROF.dll
0x00007ff9a62e0000 - 0x00007ff9a6316000 	C:\WINDOWS\SYSTEM32\WINMM.dll
0x00007ff9a08f0000 - 0x00007ff9a08fb000 	C:\WINDOWS\SYSTEM32\VERSION.dll
0x00007ff9a7620000 - 0x00007ff9a7634000 	C:\WINDOWS\SYSTEM32\UMPDC.dll
0x00007ff9a78c0000 - 0x00007ff9a78da000 	C:\WINDOWS\SYSTEM32\kernel.appcore.dll
0x00007ff9a3410000 - 0x00007ff9a341a000 	C:\Program Files\Java\jdk-22\bin\jimage.dll
0x00007ff9a6040000 - 0x00007ff9a6281000 	C:\WINDOWS\SYSTEM32\DBGHELP.DLL
0x00007ff9a9570000 - 0x00007ff9a98ee000 	C:\WINDOWS\System32\combase.dll
0x00007ff9ab360000 - 0x00007ff9ab436000 	C:\WINDOWS\System32\OLEAUT32.dll
0x00007ff9a6000000 - 0x00007ff9a6039000 	C:\WINDOWS\SYSTEM32\dbgcore.DLL
0x00007ff9a8d90000 - 0x00007ff9a8e29000 	C:\WINDOWS\System32\bcryptPrimitives.dll
0x00007ff9a04f0000 - 0x00007ff9a050e000 	C:\Program Files\Java\jdk-22\bin\java.dll
0x00007ff9aa6a0000 - 0x00007ff9aada1000 	C:\WINDOWS\System32\SHELL32.dll
0x00007ff9a9c00000 - 0x00007ff9a9d99000 	C:\WINDOWS\System32\ole32.dll
0x00007ff9a66a0000 - 0x00007ff9a6ed1000 	C:\WINDOWS\SYSTEM32\windows.storage.dll
0x00007ff9aadb0000 - 0x00007ff9aae8a000 	C:\WINDOWS\System32\SHCORE.dll
0x00007ff9aa330000 - 0x00007ff9aa38d000 	C:\WINDOWS\System32\shlwapi.dll
0x00007ff9a8880000 - 0x00007ff9a88ae000 	C:\WINDOWS\SYSTEM32\profapi.dll
0x00007ff97f6b0000 - 0x00007ff97f787000 	C:\Program Files\Java\jdk-22\bin\jsvml.dll
0x00007ff9a3400000 - 0x00007ff9a3410000 	C:\Program Files\Java\jdk-22\bin\net.dll
0x00007ff9a7dc0000 - 0x00007ff9a7e28000 	C:\WINDOWS\system32\mswsock.dll
0x00007ff9a04d0000 - 0x00007ff9a04e6000 	C:\Program Files\Java\jdk-22\bin\nio.dll
0x00007ff97f520000 - 0x00007ff97f6ae000 	C:\Program Files\Java\jdk-22\bin\awt.dll
0x00007ff9a2790000 - 0x00007ff9a282c000 	C:\WINDOWS\SYSTEM32\apphelp.dll
0x00007ff9a5a60000 - 0x00007ff9a5a8e000 	C:\WINDOWS\system32\DWMAPI.DLL
0x00007ff9a5780000 - 0x00007ff9a582d000 	C:\WINDOWS\system32\uxtheme.dll
0x00007ff96fe30000 - 0x00007ff96ff3c000 	C:\WINDOWS\system32\opengl32.dll
0x00007ff9726f0000 - 0x00007ff97271d000 	C:\WINDOWS\SYSTEM32\GLU32.dll
0x00007ff9a5860000 - 0x00007ff9a58a7000 	C:\WINDOWS\SYSTEM32\dxcore.dll
0x00007ff9a9400000 - 0x00007ff9a955c000 	C:\WINDOWS\System32\MSCTF.dll
0x00007ff98f830000 - 0x00007ff98f8b7000 	C:\Program Files\Java\jdk-22\bin\freetype.dll
0x00007ff97f440000 - 0x00007ff97f517000 	C:\Program Files\Java\jdk-22\bin\fontmanager.dll
0x00007ff99ca60000 - 0x00007ff99cba6000 	C:\WINDOWS\SYSTEM32\textinputframework.dll
0x00007ff96c410000 - 0x00007ff96c48c000 	C:\WINDOWS\system32\Oleacc.dll
0x00007ff9a9900000 - 0x00007ff9a99a8000 	C:\WINDOWS\System32\clbcatq.dll
0x00007ff989fd0000 - 0x00007ff98a02d000 	C:\WINDOWS\system32\ApplicationTargetedFeatureDatabase.dll
0x00007ff997830000 - 0x00007ff997a67000 	C:\Windows\System32\twinapi.appcore.dll
0x00007ff9a4420000 - 0x00007ff9a4588000 	C:\Windows\System32\WinTypes.dll
0x00007ff9a22d0000 - 0x00007ff9a23f5000 	C:\WINDOWS\SYSTEM32\CoreMessaging.dll
0x00007ff99f780000 - 0x00007ff99fa63000 	C:\WINDOWS\SYSTEM32\CoreUIComponents.dll
0x00007ff9a8060000 - 0x00007ff9a806c000 	C:\WINDOWS\SYSTEM32\CRYPTBASE.DLL

dbghelp: loaded successfully - version: 4.0.5 - missing functions: none
symbol engine: initialized successfully - sym options: 0x614 - pdb path: .;C:\Program Files\Java\jdk-22\bin;C:\WINDOWS\SYSTEM32;C:\WINDOWS\WinSxS\amd64_microsoft.windows.common-controls_6595b64144ccf1df_6.0.26100.2454_none_3e0b68a2e331ad60;C:\Program Files\Java\jdk-22\bin\server

VM Arguments:
jvm_args: -Dfile.encoding=UTF-8 -Dstdout.encoding=UTF-8 -Dstderr.encoding=UTF-8 --module-path=C:\Users\danie\eclipse-workspace\ApplicationBuilder\bin -XX:+ShowCodeDetailsInExceptionMessages -Djdk.module.main=ApplicationBuilder 
java_command: ApplicationBuilder/ApplicationBuilder.ApplicationEditorLauncher
java_class_path (initial): <not set>
Launcher Type: SUN_STANDARD

[Global flags]
     intx CICompilerCount                          = 4                                         {product} {ergonomic}
     uint ConcGCThreads                            = 2                                         {product} {ergonomic}
     uint G1ConcRefinementThreads                  = 8                                         {product} {ergonomic}
   size_t G1HeapRegionSize                         = 2097152                                   {product} {ergonomic}
   size_t InitialHeapSize                          = 264241152                                 {product} {ergonomic}
   size_t MarkStackSize                            = 4194304                                   {product} {ergonomic}
   size_t MaxHeapSize                              = 4217372672                                {product} {ergonomic}
   size_t MaxNewSize                               = 2529165312                                {product} {ergonomic}
   size_t MinHeapDeltaBytes                        = 2097152                                   {product} {ergonomic}
   size_t MinHeapSize                              = 8388608                                   {product} {ergonomic}
    uintx NonNMethodCodeHeapSize                   = 5839372                                {pd product} {ergonomic}
    uintx NonProfiledCodeHeapSize                  = 122909434                              {pd product} {ergonomic}
    uintx ProfiledCodeHeapSize                     = 122909434                              {pd product} {ergonomic}
    uintx ReservedCodeCacheSize                    = 251658240                              {pd product} {ergonomic}
     bool SegmentedCodeCache                       = true                                      {product} {ergonomic}
     bool ShowCodeDetailsInExceptionMessages       = true                                   {manageable} {command line}
   size_t SoftMaxHeapSize                          = 4217372672                             {manageable} {ergonomic}
     bool UseCompressedOops                        = true                           {product lp64_product} {ergonomic}
     bool UseG1GC                                  = true                                      {product} {ergonomic}
     bool UseLargePagesIndividualAllocation        = false                                  {pd product} {ergonomic}

Logging:
Log output configuration:
 #0: stdout all=warning uptime,level,tags foldmultilines=false
 #1: stderr all=off uptime,level,tags foldmultilines=false

Environment Variables:
PATH=C:/Users/danie/.p2/pool/plugins/org.eclipse.justj.openjdk.hotspot.jre.full.win32.x86_64_17.0.10.v20240120-1143/jre/bin/server;C:/Users/danie/.p2/pool/plugins/org.eclipse.justj.openjdk.hotspot.jre.full.win32.x86_64_17.0.10.v20240120-1143/jre/bin;C:\Program Files\Common Files\Oracle\Java\javapath;C:\Program Files (x86)\Common Files\Oracle\Java\java8path;C:\Program Files (x86)\Common Files\Oracle\Java\javapath;C:\WINDOWS\system32;C:\WINDOWS;C:\WINDOWS\System32\Wbem;C:\WINDOWS\System32\WindowsPowerShell\v1.0\;C:\WINDOWS\System32\OpenSSH\;C:\Program Files\Git\cmd;C:\Program Files\Microchip\xc8\v2.32\bin;C:\Program Files\PuTTY\;C:\Program Files\dotnet\;C:\Users\danie\AppData\Local\Microsoft\WindowsApps;C:\Program Files\Java\jdk-22\bin;C:\Program Files\Google\Chrome\Application\;C:\Dev-Cpp\bin;;C:\Program Files\JetBrains\CLion 2024.2\bin;;C:\WINDOWS\system32;
USERNAME=danie
OS=Windows_NT
PROCESSOR_IDENTIFIER=Intel64 Family 6 Model 140 Stepping 1, GenuineIntel
TMP=C:\Users\danie\AppData\Local\Temp
TEMP=C:\Users\danie\AppData\Local\Temp




Periodic native trim disabled

---------------  S Y S T E M  ---------------

OS:
 Windows 11 , 64 bit Build 26100 (10.0.26100.2454)
OS uptime: 0 days 17:56 hours

CPU: total 8 (initial active 8) (4 cores per cpu, 2 threads per core) family 6 model 140 stepping 1 microcode 0xb8, cx8, cmov, fxsr, ht, mmx, 3dnowpref, sse, sse2, sse3, ssse3, sse4.1, sse4.2, popcnt, lzcnt, tsc, tscinvbit, avx, avx2, aes, erms, clmul, bmi1, bmi2, adx, avx512f, avx512dq, avx512cd, avx512bw, avx512vl, sha, fma, vzeroupper, avx512_vpopcntdq, avx512_vpclmulqdq, avx512_vaes, avx512_vnni, clflush, clflushopt, clwb, avx512_vbmi2, avx512_vbmi, rdtscp, rdpid, fsrm, gfni, avx512_bitalg, f16c, pku, cet_ibt, cet_ss, avx512_ifma
Processor Information for processor 0
  Max Mhz: 2611, Current Mhz: 2611, Mhz Limit: 2611
Processor Information for processor 1
  Max Mhz: 2611, Current Mhz: 1104, Mhz Limit: 1096
Processor Information for processor 2
  Max Mhz: 2611, Current Mhz: 1104, Mhz Limit: 1096
Processor Information for processor 3
  Max Mhz: 2611, Current Mhz: 1104, Mhz Limit: 1096
Processor Information for processor 4
  Max Mhz: 2611, Current Mhz: 1104, Mhz Limit: 1096
Processor Information for processor 5
  Max Mhz: 2611, Current Mhz: 1104, Mhz Limit: 1096
Processor Information for processor 6
  Max Mhz: 2611, Current Mhz: 1104, Mhz Limit: 1096
Processor Information for processor 7
  Max Mhz: 2611, Current Mhz: 1104, Mhz Limit: 1096

Memory: 4k page, system-wide physical 16087M (7473M free)
TotalPageFile size 16087M (AvailPageFile size 5478M)
current process WorkingSet (physical memory assigned to process): 100M, peak: 108M
current process commit charge ("private bytes"): 359M, peak: 368M

vm_info: Java HotSpot(TM) 64-Bit Server VM (22.0.2+9-70) for windows-amd64 JRE (22.0.2+9-70), built on 2024-06-04T16:52:23Z by "mach5one" with MS VC++ 17.6 (VS2022)

END.
